<?xml version="1.0" encoding="UTF-8" ?>
<testsuite tests="20" failures="0" name="TextSimilarityTest" time="0.578" errors="0" skipped="0">
  <properties>
[...]
</properties>
  <testcase classname="TextSimilarityTest" name="testArticleBFirstSentence[0]" time="0.1"/>
  <testcase classname="TextSimilarityTest" name="testArticleAFirstSentence[0]" time="0.039"/>
  <testcase classname="TextSimilarityTest" name="testFilterSentence[0]" time="0.04"/>
  <testcase classname="TextSimilarityTest" name="testSimilarity[0]" time="0.029"/>
  <testcase classname="TextSimilarityTest" name="testArticleBFirstSentence[1]" time="0.023"/>
  <testcase classname="TextSimilarityTest" name="testArticleAFirstSentence[1]" time="0.021"/>
  <testcase classname="TextSimilarityTest" name="testFilterSentence[1]" time="0.024"/>
  <testcase classname="TextSimilarityTest" name="testSimilarity[1]" time="0.02"/>
  <testcase classname="TextSimilarityTest" name="testArticleBFirstSentence[2]" time="0.036"/>
  <testcase classname="TextSimilarityTest" name="testArticleAFirstSentence[2]" time="0.016"/>
  <testcase classname="TextSimilarityTest" name="testFilterSentence[2]" time="0.015"/>
  <testcase classname="TextSimilarityTest" name="testSimilarity[2]" time="0.017"/>
  <testcase classname="TextSimilarityTest" name="testArticleBFirstSentence[3]" time="0.021"/>
  <testcase classname="TextSimilarityTest" name="testArticleAFirstSentence[3]" time="0.021"/>
  <testcase classname="TextSimilarityTest" name="testFilterSentence[3]" time="0.021"/>
  <testcase classname="TextSimilarityTest" name="testSimilarity[3]" time="0.022"/>
  <testcase classname="TextSimilarityTest" name="testArticleBFirstSentence[4]" time="0.022"/>
  <testcase classname="TextSimilarityTest" name="testArticleAFirstSentence[4]" time="0.023"/>
  <testcase classname="TextSimilarityTest" name="testFilterSentence[4]" time="0.029"/>
  <testcase classname="TextSimilarityTest" name="testSimilarity[4]" time="0.039"/>
</testsuite>